admin‣Thamquan: 10.00
Thamquan.pas
Dịch thành công

admin‣Thamquan‣Test01: 1.00
Thời gian ≈ 0.048072700 giây
Kết quả khớp đáp án!
admin‣Thamquan‣Test02: 1.00
Thời gian ≈ 0.046742700 giây
Kết quả khớp đáp án!
admin‣Thamquan‣Test03: 1.00
Thời gian ≈ 0.053604300 giây
Kết quả khớp đáp án!
admin‣Thamquan‣Test04: 1.00
Thời gian ≈ 0.054847500 giây
Kết quả khớp đáp án!
admin‣Thamquan‣Test05: 1.00
Thời gian ≈ 0.059210300 giây
Kết quả khớp đáp án!
admin‣Thamquan‣Test06: 1.00
Thời gian ≈ 0.058864300 giây
Kết quả khớp đáp án!
admin‣Thamquan‣Test07: 1.00
Thời gian ≈ 0.049501400 giây
Kết quả khớp đáp án!
admin‣Thamquan‣Test08: 1.00
Thời gian ≈ 0.062117800 giây
Kết quả khớp đáp án!
admin‣Thamquan‣Test09: 1.00
Thời gian ≈ 0.066763800 giây
Kết quả khớp đáp án!
admin‣Thamquan‣Test10: 1.00
Thời gian ≈ 0.069892700 giây
Kết quả khớp đáp án!
