admin‣CHESS: 5.00
CHESS.pas
Dịch thành công

admin‣CHESS‣Test01: 1.00
Thời gian ≈ 0.071408600 giây
Kết quả khớp đáp án!
admin‣CHESS‣Test02: 1.00
Thời gian ≈ 0.051912700 giây
Kết quả khớp đáp án!
admin‣CHESS‣Test03: 0.00
Thời gian ≈ 0.053184000 giây
Kết quả KHÁC đáp án!
admin‣CHESS‣Test04: 0.00
Thời gian ≈ 0.058064600 giây
Kết quả KHÁC đáp án!
admin‣CHESS‣Test05: 1.00
Thời gian ≈ 0.051614600 giây
Kết quả khớp đáp án!
admin‣CHESS‣Test06: 1.00
Thời gian ≈ 0.049937100 giây
Kết quả khớp đáp án!
admin‣CHESS‣Test07: 1.00
Thời gian ≈ 0.050603100 giây
Kết quả khớp đáp án!
admin‣CHESS‣Test08: 0.00
Thời gian ≈ 0.069883800 giây
Kết quả KHÁC đáp án!
admin‣CHESS‣Test09: 0.00
Thời gian ≈ 0.073194100 giây
Kết quả KHÁC đáp án!
admin‣CHESS‣Test10: 0.00
Thời gian ≈ 0.058433200 giây
Kết quả KHÁC đáp án!
