admin‣PARTY: 0.00
PARTY.pas
Dịch thành công

admin‣PARTY‣Test01: 0.00
Thời gian ≈ 0.113965400 giây
Kết quả KHÁC đáp án!
admin‣PARTY‣Test02: 0.00
Thời gian ≈ 0.081708200 giây
Kết quả KHÁC đáp án!
admin‣PARTY‣Test03: 0.00
Thời gian ≈ 0.071611100 giây
Kết quả KHÁC đáp án!
admin‣PARTY‣Test04: 0.00
Thời gian ≈ 0.064972800 giây
Kết quả KHÁC đáp án!
admin‣PARTY‣Test05: 0.00
Thời gian ≈ 0.065863500 giây
Kết quả KHÁC đáp án!
admin‣PARTY‣Test06: 0.00
Thời gian ≈ 0.065545100 giây
Kết quả KHÁC đáp án!
admin‣PARTY‣Test07: 0.00
Thời gian ≈ 0.077401500 giây
Kết quả KHÁC đáp án!
admin‣PARTY‣Test08: 0.00
Thời gian ≈ 0.067366400 giây
Kết quả KHÁC đáp án!
admin‣PARTY‣Test09: 0.00
Thời gian ≈ 0.056968600 giây
Kết quả KHÁC đáp án!
admin‣PARTY‣Test10: 0.00
Thời gian ≈ 0.057267500 giây
Kết quả KHÁC đáp án!
