DatTN‣Thamquan: 10.00
Thamquan.pas
Dịch thành công

DatTN‣Thamquan‣Test01: 1.00
Thời gian ≈ 0.052699600 giây
Kết quả khớp đáp án!
DatTN‣Thamquan‣Test02: 1.00
Thời gian ≈ 0.049009600 giây
Kết quả khớp đáp án!
DatTN‣Thamquan‣Test03: 1.00
Thời gian ≈ 0.056344400 giây
Kết quả khớp đáp án!
DatTN‣Thamquan‣Test04: 1.00
Thời gian ≈ 0.074870100 giây
Kết quả khớp đáp án!
DatTN‣Thamquan‣Test05: 1.00
Thời gian ≈ 0.062181000 giây
Kết quả khớp đáp án!
DatTN‣Thamquan‣Test06: 1.00
Thời gian ≈ 0.064350900 giây
Kết quả khớp đáp án!
DatTN‣Thamquan‣Test07: 1.00
Thời gian ≈ 0.050912100 giây
Kết quả khớp đáp án!
DatTN‣Thamquan‣Test08: 1.00
Thời gian ≈ 0.071286300 giây
Kết quả khớp đáp án!
DatTN‣Thamquan‣Test09: 1.00
Thời gian ≈ 0.064621600 giây
Kết quả khớp đáp án!
DatTN‣Thamquan‣Test10: 1.00
Thời gian ≈ 0.073533700 giây
Kết quả khớp đáp án!
