hungtn‣PARTY: 0.00
PARTY.pas
Dịch thành công

hungtn‣PARTY‣Test01: 0.00
Thời gian ≈ 0.047944900 giây
Kết quả KHÁC đáp án!
hungtn‣PARTY‣Test02: 0.00
Thời gian ≈ 0.065897700 giây
Kết quả KHÁC đáp án!
hungtn‣PARTY‣Test03: 0.00
Thời gian ≈ 0.062107800 giây
Kết quả KHÁC đáp án!
hungtn‣PARTY‣Test04: 0.00
Thời gian ≈ 0.054496100 giây
Kết quả KHÁC đáp án!
hungtn‣PARTY‣Test05: 0.00
Thời gian ≈ 0.060106500 giây
Kết quả KHÁC đáp án!
hungtn‣PARTY‣Test06: 0.00
Thời gian ≈ 0.055001400 giây
Kết quả KHÁC đáp án!
hungtn‣PARTY‣Test07: 0.00
Thời gian ≈ 0.053297400 giây
Kết quả KHÁC đáp án!
hungtn‣PARTY‣Test08: 0.00
Thời gian ≈ 0.060667900 giây
Kết quả KHÁC đáp án!
hungtn‣PARTY‣Test09: 0.00
Thời gian ≈ 0.060253800 giây
Kết quả KHÁC đáp án!
hungtn‣PARTY‣Test10: 0.00
Thời gian ≈ 0.060853600 giây
Kết quả KHÁC đáp án!
