hungtn‣Thamquan: 10.00
Thamquan.pas
Dịch thành công

hungtn‣Thamquan‣Test01: 1.00
Thời gian ≈ 0.052634400 giây
Kết quả khớp đáp án!
hungtn‣Thamquan‣Test02: 1.00
Thời gian ≈ 0.051737500 giây
Kết quả khớp đáp án!
hungtn‣Thamquan‣Test03: 1.00
Thời gian ≈ 0.065372500 giây
Kết quả khớp đáp án!
hungtn‣Thamquan‣Test04: 1.00
Thời gian ≈ 0.067400700 giây
Kết quả khớp đáp án!
hungtn‣Thamquan‣Test05: 1.00
Thời gian ≈ 0.065686600 giây
Kết quả khớp đáp án!
hungtn‣Thamquan‣Test06: 1.00
Thời gian ≈ 0.070932700 giây
Kết quả khớp đáp án!
hungtn‣Thamquan‣Test07: 1.00
Thời gian ≈ 0.048253200 giây
Kết quả khớp đáp án!
hungtn‣Thamquan‣Test08: 1.00
Thời gian ≈ 0.069214700 giây
Kết quả khớp đáp án!
hungtn‣Thamquan‣Test09: 1.00
Thời gian ≈ 0.068673300 giây
Kết quả khớp đáp án!
hungtn‣Thamquan‣Test10: 1.00
Thời gian ≈ 0.082919600 giây
Kết quả khớp đáp án!
