qtv‣CHESS: 5.00
CHESS.pas
Dịch thành công

qtv‣CHESS‣Test01: 1.00
Thời gian ≈ 0.061044600 giây
Kết quả khớp đáp án!
qtv‣CHESS‣Test02: 1.00
Thời gian ≈ 0.048913600 giây
Kết quả khớp đáp án!
qtv‣CHESS‣Test03: 0.00
Thời gian ≈ 0.048007700 giây
Kết quả KHÁC đáp án!
qtv‣CHESS‣Test04: 0.00
Thời gian ≈ 0.050259800 giây
Kết quả KHÁC đáp án!
qtv‣CHESS‣Test05: 1.00
Thời gian ≈ 0.048611000 giây
Kết quả khớp đáp án!
qtv‣CHESS‣Test06: 1.00
Thời gian ≈ 0.048977400 giây
Kết quả khớp đáp án!
qtv‣CHESS‣Test07: 1.00
Thời gian ≈ 0.049069600 giây
Kết quả khớp đáp án!
qtv‣CHESS‣Test08: 0.00
Thời gian ≈ 0.048773400 giây
Kết quả KHÁC đáp án!
qtv‣CHESS‣Test09: 0.00
Thời gian ≈ 0.048172900 giây
Kết quả KHÁC đáp án!
qtv‣CHESS‣Test10: 0.00
Thời gian ≈ 0.048998100 giây
Kết quả KHÁC đáp án!
