tkdemo‣PARTY: 0.00
PARTY.pas
Dịch thành công

tkdemo‣PARTY‣Test01: 0.00
Thời gian ≈ 0.120344200 giây
Kết quả KHÁC đáp án!
tkdemo‣PARTY‣Test02: 0.00
Thời gian ≈ 0.068087600 giây
Kết quả KHÁC đáp án!
tkdemo‣PARTY‣Test03: 0.00
Thời gian ≈ 0.053635500 giây
Kết quả KHÁC đáp án!
tkdemo‣PARTY‣Test04: 0.00
Thời gian ≈ 0.066025300 giây
Kết quả KHÁC đáp án!
tkdemo‣PARTY‣Test05: 0.00
Thời gian ≈ 0.053228600 giây
Kết quả KHÁC đáp án!
tkdemo‣PARTY‣Test06: 0.00
Thời gian ≈ 0.056505100 giây
Kết quả KHÁC đáp án!
tkdemo‣PARTY‣Test07: 0.00
Thời gian ≈ 0.085365000 giây
Kết quả KHÁC đáp án!
tkdemo‣PARTY‣Test08: 0.00
Thời gian ≈ 0.062728100 giây
Kết quả KHÁC đáp án!
tkdemo‣PARTY‣Test09: 0.00
Thời gian ≈ 0.069766300 giây
Kết quả KHÁC đáp án!
tkdemo‣PARTY‣Test10: 0.00
Thời gian ≈ 0.084135200 giây
Kết quả KHÁC đáp án!
