tkdemo‣CHESS: 5.00
CHESS.pas
Dịch thành công

tkdemo‣CHESS‣Test01: 1.00
Thời gian ≈ 0.105711700 giây
Kết quả khớp đáp án!
tkdemo‣CHESS‣Test02: 1.00
Thời gian ≈ 0.056288300 giây
Kết quả khớp đáp án!
tkdemo‣CHESS‣Test03: 0.00
Thời gian ≈ 0.075567800 giây
Kết quả KHÁC đáp án!
tkdemo‣CHESS‣Test04: 0.00
Thời gian ≈ 0.051438600 giây
Kết quả KHÁC đáp án!
tkdemo‣CHESS‣Test05: 1.00
Thời gian ≈ 0.074496300 giây
Kết quả khớp đáp án!
tkdemo‣CHESS‣Test06: 1.00
Thời gian ≈ 0.063732500 giây
Kết quả khớp đáp án!
tkdemo‣CHESS‣Test07: 1.00
Thời gian ≈ 0.073269500 giây
Kết quả khớp đáp án!
tkdemo‣CHESS‣Test08: 0.00
Thời gian ≈ 0.054565400 giây
Kết quả KHÁC đáp án!
tkdemo‣CHESS‣Test09: 0.00
Thời gian ≈ 0.060208700 giây
Kết quả KHÁC đáp án!
tkdemo‣CHESS‣Test10: 0.00
Thời gian ≈ 0.082802600 giây
Kết quả KHÁC đáp án!
