tkdemo‣Thamquan: 10.00
Thamquan.pas
Dịch thành công

tkdemo‣Thamquan‣Test01: 1.00
Thời gian ≈ 0.092897700 giây
Kết quả khớp đáp án!
tkdemo‣Thamquan‣Test02: 1.00
Thời gian ≈ 0.059846100 giây
Kết quả khớp đáp án!
tkdemo‣Thamquan‣Test03: 1.00
Thời gian ≈ 0.091812800 giây
Kết quả khớp đáp án!
tkdemo‣Thamquan‣Test04: 1.00
Thời gian ≈ 0.071661800 giây
Kết quả khớp đáp án!
tkdemo‣Thamquan‣Test05: 1.00
Thời gian ≈ 0.084503100 giây
Kết quả khớp đáp án!
tkdemo‣Thamquan‣Test06: 1.00
Thời gian ≈ 0.065581500 giây
Kết quả khớp đáp án!
tkdemo‣Thamquan‣Test07: 1.00
Thời gian ≈ 0.051794600 giây
Kết quả khớp đáp án!
tkdemo‣Thamquan‣Test08: 1.00
Thời gian ≈ 0.086155600 giây
Kết quả khớp đáp án!
tkdemo‣Thamquan‣Test09: 1.00
Thời gian ≈ 0.084163600 giây
Kết quả khớp đáp án!
tkdemo‣Thamquan‣Test10: 1.00
Thời gian ≈ 0.096327200 giây
Kết quả khớp đáp án!
